                      :-) GROMACS - gmx mdrun, 2020.4 (-:

                            GROMACS is written by:
     Emile Apol      Rossen Apostolov      Paul Bauer     Herman J.C. Berendsen
    Par Bjelkmar      Christian Blau   Viacheslav Bolnykh     Kevin Boyd    
 Aldert van Buuren   Rudi van Drunen     Anton Feenstra       Alan Gray     
  Gerrit Groenhof     Anca Hamuraru    Vincent Hindriksen  M. Eric Irrgang  
  Aleksei Iupinov   Christoph Junghans     Joe Jordan     Dimitrios Karkoulis
    Peter Kasson        Jiri Kraus      Carsten Kutzner      Per Larsson    
  Justin A. Lemkul    Viveca Lindahl    Magnus Lundborg     Erik Marklund   
    Pascal Merz     Pieter Meulenhoff    Teemu Murtola       Szilard Pall   
    Sander Pronk      Roland Schulz      Michael Shirts    Alexey Shvetsov  
   Alfons Sijbers     Peter Tieleman      Jon Vincent      Teemu Virolainen 
 Christian Wennberg    Maarten Wolf      Artem Zhmurov   
                           and the project leaders:
        Mark Abraham, Berk Hess, Erik Lindahl, and David van der Spoel

Copyright (c) 1991-2000, University of Groningen, The Netherlands.
Copyright (c) 2001-2019, The GROMACS development team at
Uppsala University, Stockholm University and
the Royal Institute of Technology, Sweden.
check out http://www.gromacs.org for more information.

GROMACS is free software; you can redistribute it and/or modify it
under the terms of the GNU Lesser General Public License
as published by the Free Software Foundation; either version 2.1
of the License, or (at your option) any later version.

GROMACS:      gmx mdrun, version 2020.4
Executable:   /share/apps/gromacs/2020.4/openmpi/intel/bin/gmx_mpi
Data prefix:  /share/apps/gromacs/2020.4/openmpi/intel
Working dir:  /scratch/work/courses/CHEM-GA-2671-2023fa/students/sea438/comp-lab-class-2023/Week3/Input
Process ID:   2614925
Command line:
  gmx_mpi mdrun -deffnm md_50

GROMACS version:    2020.4
Verified release checksum is 79c2857291b034542c26e90512b92fd4b184a1c9d6fa59c55f2e24ccf14e7281
Precision:          single
Memory model:       64 bit
MPI library:        MPI
OpenMP support:     disabled
GPU support:        disabled
SIMD instructions:  AVX_512
FFT library:        Intel MKL
RDTSCP usage:       enabled
TNG support:        enabled
Hwloc support:      disabled
Tracing support:    disabled
C compiler:         /share/apps/openmpi/4.0.5/intel/bin/mpicc Intel 19.1.2.20200623
C compiler flags:   -xCORE-AVX512 -qopt-zmm-usage=high -mkl=sequential -wd3180 -std=gnu99 -ip -funroll-all-loops -alias-const -ansi-alias -no-prec-div -fimf-domain-exclusion=14 -qoverride-limits -O3 -DNDEBUG
C++ compiler:       /share/apps/openmpi/4.0.5/intel/bin/mpicxx Intel 19.1.2.20200623
C++ compiler flags: -xCORE-AVX512 -qopt-zmm-usage=high -mkl=sequential -wd3180 -ip -funroll-all-loops -alias-const -ansi-alias -no-prec-div -fimf-domain-exclusion=14 -qoverride-limits -O3 -DNDEBUG


Running on 1 node with total 48 cores, 48 logical cores
Hardware detected on host cs297.hpc.nyu.edu (the node of MPI rank 0):
  CPU info:
    Vendor: Intel
    Brand:  Intel(R) Xeon(R) Platinum 8268 CPU @ 2.90GHz
    Family: 6   Model: 85   Stepping: 7
    Features: aes apic avx avx2 avx512f avx512cd avx512bw avx512vl clfsh cmov cx8 cx16 f16c fma htt intel lahf mmx msr nonstop_tsc pcid pclmuldq pdcm pdpe1gb popcnt pse rdrnd rdtscp sse2 sse3 sse4.1 sse4.2 ssse3 tdt x2apic
    Number of AVX-512 FMA units: 2
  Hardware topology: Only logical processor count


++++ PLEASE READ AND CITE THE FOLLOWING REFERENCE ++++
M. J. Abraham, T. Murtola, R. Schulz, S. Páll, J. C. Smith, B. Hess, E.
Lindahl
GROMACS: High performance molecular simulations through multi-level
parallelism from laptops to supercomputers
SoftwareX 1 (2015) pp. 19-25
-------- -------- --- Thank You --- -------- --------


++++ PLEASE READ AND CITE THE FOLLOWING REFERENCE ++++
S. Páll, M. J. Abraham, C. Kutzner, B. Hess, E. Lindahl
Tackling Exascale Software Challenges in Molecular Dynamics Simulations with
GROMACS
In S. Markidis & E. Laure (Eds.), Solving Software Challenges for Exascale 8759 (2015) pp. 3-27
-------- -------- --- Thank You --- -------- --------


++++ PLEASE READ AND CITE THE FOLLOWING REFERENCE ++++
S. Pronk, S. Páll, R. Schulz, P. Larsson, P. Bjelkmar, R. Apostolov, M. R.
Shirts, J. C. Smith, P. M. Kasson, D. van der Spoel, B. Hess, and E. Lindahl
GROMACS 4.5: a high-throughput and highly parallel open source molecular
simulation toolkit
Bioinformatics 29 (2013) pp. 845-54
-------- -------- --- Thank You --- -------- --------


++++ PLEASE READ AND CITE THE FOLLOWING REFERENCE ++++
B. Hess and C. Kutzner and D. van der Spoel and E. Lindahl
GROMACS 4: Algorithms for highly efficient, load-balanced, and scalable
molecular simulation
J. Chem. Theory Comput. 4 (2008) pp. 435-447
-------- -------- --- Thank You --- -------- --------


++++ PLEASE READ AND CITE THE FOLLOWING REFERENCE ++++
D. van der Spoel, E. Lindahl, B. Hess, G. Groenhof, A. E. Mark and H. J. C.
Berendsen
GROMACS: Fast, Flexible and Free
J. Comp. Chem. 26 (2005) pp. 1701-1719
-------- -------- --- Thank You --- -------- --------


++++ PLEASE READ AND CITE THE FOLLOWING REFERENCE ++++
E. Lindahl and B. Hess and D. van der Spoel
GROMACS 3.0: A package for molecular simulation and trajectory analysis
J. Mol. Mod. 7 (2001) pp. 306-317
-------- -------- --- Thank You --- -------- --------


++++ PLEASE READ AND CITE THE FOLLOWING REFERENCE ++++
H. J. C. Berendsen, D. van der Spoel and R. van Drunen
GROMACS: A message-passing parallel molecular dynamics implementation
Comp. Phys. Comm. 91 (1995) pp. 43-56
-------- -------- --- Thank You --- -------- --------


++++ PLEASE CITE THE DOI FOR THIS VERSION OF GROMACS ++++
https://doi.org/10.5281/zenodo.4054979
-------- -------- --- Thank You --- -------- --------

Input Parameters:
   integrator                     = md
   tinit                          = 0
   dt                             = 0.002
   nsteps                         = 250000
   init-step                      = 0
   simulation-part                = 1
   comm-mode                      = Linear
   nstcomm                        = 100
   bd-fric                        = 0
   ld-seed                        = 2008552687
   emtol                          = 10
   emstep                         = 0.01
   niter                          = 20
   fcstep                         = 0
   nstcgsteep                     = 1000
   nbfgscorr                      = 10
   rtpi                           = 0.05
   nstxout                        = 0
   nstvout                        = 0
   nstfout                        = 0
   nstlog                         = 5000
   nstcalcenergy                  = 100
   nstenergy                      = 5000
   nstxout-compressed             = 5000
   compressed-x-precision         = 1000
   cutoff-scheme                  = Verlet
   nstlist                        = 10
   pbc                            = xyz
   periodic-molecules             = false
   verlet-buffer-tolerance        = 0.005
   rlist                          = 1
   coulombtype                    = PME
   coulomb-modifier               = Potential-shift
   rcoulomb-switch                = 0
   rcoulomb                       = 1
   epsilon-r                      = 1
   epsilon-rf                     = inf
   vdw-type                       = Cut-off
   vdw-modifier                   = Potential-shift
   rvdw-switch                    = 0
   rvdw                           = 1
   DispCorr                       = EnerPres
   table-extension                = 1
   fourierspacing                 = 0.16
   fourier-nx                     = 44
   fourier-ny                     = 44
   fourier-nz                     = 44
   pme-order                      = 4
   ewald-rtol                     = 1e-05
   ewald-rtol-lj                  = 0.001
   lj-pme-comb-rule               = Geometric
   ewald-geometry                 = 0
   epsilon-surface                = 0
   tcoupl                         = V-rescale
   nsttcouple                     = 10
   nh-chain-length                = 0
   print-nose-hoover-chain-variables = false
   pcoupl                         = Parrinello-Rahman
   pcoupltype                     = Isotropic
   nstpcouple                     = 10
   tau-p                          = 2
   compressibility (3x3):
      compressibility[    0]={ 4.50000e-05,  0.00000e+00,  0.00000e+00}
      compressibility[    1]={ 0.00000e+00,  4.50000e-05,  0.00000e+00}
      compressibility[    2]={ 0.00000e+00,  0.00000e+00,  4.50000e-05}
   ref-p (3x3):
      ref-p[    0]={ 1.00000e+00,  0.00000e+00,  0.00000e+00}
      ref-p[    1]={ 0.00000e+00,  1.00000e+00,  0.00000e+00}
      ref-p[    2]={ 0.00000e+00,  0.00000e+00,  1.00000e+00}
   refcoord-scaling               = No
   posres-com (3):
      posres-com[0]= 0.00000e+00
      posres-com[1]= 0.00000e+00
      posres-com[2]= 0.00000e+00
   posres-comB (3):
      posres-comB[0]= 0.00000e+00
      posres-comB[1]= 0.00000e+00
      posres-comB[2]= 0.00000e+00
   QMMM                           = false
   QMconstraints                  = 0
   QMMMscheme                     = 0
   MMChargeScaleFactor            = 1
qm-opts:
   ngQM                           = 0
   constraint-algorithm           = Lincs
   continuation                   = true
   Shake-SOR                      = false
   shake-tol                      = 0.0001
   lincs-order                    = 4
   lincs-iter                     = 1
   lincs-warnangle                = 30
   nwall                          = 0
   wall-type                      = 9-3
   wall-r-linpot                  = -1
   wall-atomtype[0]               = -1
   wall-atomtype[1]               = -1
   wall-density[0]                = 0
   wall-density[1]                = 0
   wall-ewald-zfac                = 3
   pull                           = false
   awh                            = false
   rotation                       = false
   interactiveMD                  = false
   disre                          = No
   disre-weighting                = Conservative
   disre-mixed                    = false
   dr-fc                          = 1000
   dr-tau                         = 0
   nstdisreout                    = 100
   orire-fc                       = 0
   orire-tau                      = 0
   nstorireout                    = 100
   free-energy                    = no
   cos-acceleration               = 0
   deform (3x3):
      deform[    0]={ 0.00000e+00,  0.00000e+00,  0.00000e+00}
      deform[    1]={ 0.00000e+00,  0.00000e+00,  0.00000e+00}
      deform[    2]={ 0.00000e+00,  0.00000e+00,  0.00000e+00}
   simulated-tempering            = false
   swapcoords                     = no
   userint1                       = 0
   userint2                       = 0
   userint3                       = 0
   userint4                       = 0
   userreal1                      = 0
   userreal2                      = 0
   userreal3                      = 0
   userreal4                      = 0
   applied-forces:
     electric-field:
       x:
         E0                       = 0
         omega                    = 0
         t0                       = 0
         sigma                    = 0
       y:
         E0                       = 0
         omega                    = 0
         t0                       = 0
         sigma                    = 0
       z:
         E0                       = 0
         omega                    = 0
         t0                       = 0
         sigma                    = 0
     density-guided-simulation:
       active                     = false
       group                      = protein
       similarity-measure         = inner-product
       atom-spreading-weight      = unity
       force-constant             = 1e+09
       gaussian-transform-spreading-width = 0.2
       gaussian-transform-spreading-range-in-multiples-of-width = 4
       reference-density-filename = reference.mrc
       nst                        = 1
       normalize-densities        = true
       adaptive-force-scaling     = false
       adaptive-force-scaling-time-constant = 4
grpopts:
   nrdf:     4920.79     63837.2
   ref-t:         300         300
   tau-t:         0.1         0.1
annealing:          No          No
annealing-npoints:           0           0
   acc:	           0           0           0
   nfreeze:           N           N           N
   energygrp-flags[  0]: 0

Changing nstlist from 10 to 50, rlist from 1 to 1.116

Using 1 MPI process

Non-default thread affinity set, disabling internal thread affinity
System total charge: -0.000
Will do PME sum in reciprocal space for electrostatic interactions.

++++ PLEASE READ AND CITE THE FOLLOWING REFERENCE ++++
U. Essmann, L. Perera, M. L. Berkowitz, T. Darden, H. Lee and L. G. Pedersen 
A smooth particle mesh Ewald method
J. Chem. Phys. 103 (1995) pp. 8577-8592
-------- -------- --- Thank You --- -------- --------

Using a Gaussian width (1/beta) of 0.320163 nm for Ewald
Potential shift: LJ r^-12: -1.000e+00 r^-6: -1.000e+00, Ewald -1.000e-05
Initialized non-bonded Ewald tables, spacing: 9.33e-04 size: 1073

Generated table with 1058 data points for 1-4 COUL.
Tabscale = 500 points/nm
Generated table with 1058 data points for 1-4 LJ6.
Tabscale = 500 points/nm
Generated table with 1058 data points for 1-4 LJ12.
Tabscale = 500 points/nm

Using SIMD 4x8 nonbonded short-range kernels

Using a dual 4x8 pair-list setup updated with dynamic pruning:
  outer list: updated every 50 steps, buffer 0.116 nm, rlist 1.116 nm
  inner list: updated every 12 steps, buffer 0.003 nm, rlist 1.003 nm
At tolerance 0.005 kJ/mol/ps per atom, equivalent classical 1x1 list would be:
  outer list: updated every 50 steps, buffer 0.245 nm, rlist 1.245 nm
  inner list: updated every 12 steps, buffer 0.047 nm, rlist 1.047 nm

Using geometric Lennard-Jones combination rule

Long Range LJ corr.: <C6> 3.1923e-04


Initializing LINear Constraint Solver

++++ PLEASE READ AND CITE THE FOLLOWING REFERENCE ++++
B. Hess and H. Bekker and H. J. C. Berendsen and J. G. E. M. Fraaije
LINCS: A Linear Constraint Solver for molecular simulations
J. Comp. Chem. 18 (1997) pp. 1463-1472
-------- -------- --- Thank You --- -------- --------

The number of constraints is 959

++++ PLEASE READ AND CITE THE FOLLOWING REFERENCE ++++
S. Miyamoto and P. A. Kollman
SETTLE: An Analytical Version of the SHAKE and RATTLE Algorithms for Rigid
Water Models
J. Comp. Chem. 13 (1992) pp. 952-962
-------- -------- --- Thank You --- -------- --------


++++ PLEASE READ AND CITE THE FOLLOWING REFERENCE ++++
G. Bussi, D. Donadio and M. Parrinello
Canonical sampling through velocity rescaling
J. Chem. Phys. 126 (2007) pp. 014101
-------- -------- --- Thank You --- -------- --------

There are: 33876 Atoms
Center of mass motion removal mode is Linear
We have the following groups for center of mass motion removal:
  0:  rest

Started mdrun on rank 0 Thu Oct  5 01:15:45 2023

           Step           Time
              0        0.00000

   Energies (kJ/mol)
           Bond          Angle    Proper Dih. Ryckaert-Bell.          LJ-14
    1.43292e+03    3.68563e+03    2.46960e+02    1.85742e+03    2.63610e+03
     Coulomb-14        LJ (SR)  Disper. corr.   Coulomb (SR)   Coul. recip.
    7.81515e+03    9.31472e+04   -4.55767e+03   -6.34258e+05    2.98383e+03
      Potential    Kinetic En.   Total Energy  Conserved En.    Temperature
   -5.25010e+05    8.54378e+04   -4.39573e+05   -4.39552e+05    2.98898e+02
 Pres. DC (bar) Pressure (bar)   Constr. rmsd
   -2.25313e+02    2.75010e+01    3.15907e-06

           Step           Time
           5000       10.00000

   Energies (kJ/mol)
           Bond          Angle    Proper Dih. Ryckaert-Bell.          LJ-14
    1.48530e+03    3.91170e+03    2.24438e+02    1.87392e+03    2.67553e+03
     Coulomb-14        LJ (SR)  Disper. corr.   Coulomb (SR)   Coul. recip.
    7.84345e+03    9.37232e+04   -4.56829e+03   -6.34256e+05    2.94564e+03
      Potential    Kinetic En.   Total Energy  Conserved En.    Temperature
   -5.24141e+05    8.54624e+04   -4.38679e+05   -4.39506e+05    2.98984e+02
 Pres. DC (bar) Pressure (bar)   Constr. rmsd
   -2.26363e+02    1.53247e+02    2.91121e-06

           Step           Time
          10000       20.00000

   Energies (kJ/mol)
           Bond          Angle    Proper Dih. Ryckaert-Bell.          LJ-14
    1.44313e+03    3.65833e+03    2.32922e+02    1.87671e+03    2.71525e+03
     Coulomb-14        LJ (SR)  Disper. corr.   Coulomb (SR)   Coul. recip.
    7.89761e+03    9.39832e+04   -4.55362e+03   -6.35122e+05    2.84452e+03
      Potential    Kinetic En.   Total Energy  Conserved En.    Temperature
   -5.25024e+05    8.65353e+04   -4.38488e+05   -4.39509e+05    3.02737e+02
 Pres. DC (bar) Pressure (bar)   Constr. rmsd
   -2.24913e+02    1.66301e+01    2.81226e-06

           Step           Time
          15000       30.00000

   Energies (kJ/mol)
           Bond          Angle    Proper Dih. Ryckaert-Bell.          LJ-14
    1.34046e+03    3.83579e+03    2.21091e+02    1.76769e+03    2.77896e+03
     Coulomb-14        LJ (SR)  Disper. corr.   Coulomb (SR)   Coul. recip.
    7.78732e+03    9.31299e+04   -4.55535e+03   -6.33178e+05    2.93922e+03
      Potential    Kinetic En.   Total Energy  Conserved En.    Temperature
   -5.23933e+05    8.48865e+04   -4.39046e+05   -4.39456e+05    2.96969e+02
 Pres. DC (bar) Pressure (bar)   Constr. rmsd
   -2.25084e+02    5.98263e+01    2.43210e-06

           Step           Time
          20000       40.00000

   Energies (kJ/mol)
           Bond          Angle    Proper Dih. Ryckaert-Bell.          LJ-14
    1.42953e+03    3.72661e+03    2.69340e+02    1.81168e+03    2.73988e+03
     Coulomb-14        LJ (SR)  Disper. corr.   Coulomb (SR)   Coul. recip.
    7.88129e+03    9.43367e+04   -4.54852e+03   -6.34572e+05    2.89251e+03
      Potential    Kinetic En.   Total Energy  Conserved En.    Temperature
   -5.24033e+05    8.65546e+04   -4.37478e+05   -4.39446e+05    3.02805e+02
 Pres. DC (bar) Pressure (bar)   Constr. rmsd
   -2.24410e+02    1.25876e+02    2.77081e-06

           Step           Time
          25000       50.00000

   Energies (kJ/mol)
           Bond          Angle    Proper Dih. Ryckaert-Bell.          LJ-14
    1.50348e+03    3.58064e+03    2.48474e+02    1.81649e+03    2.67089e+03
     Coulomb-14        LJ (SR)  Disper. corr.   Coulomb (SR)   Coul. recip.
    7.75369e+03    9.31710e+04   -4.53708e+03   -6.34631e+05    2.92552e+03
      Potential    Kinetic En.   Total Energy  Conserved En.    Temperature
   -5.25498e+05    8.51881e+04   -4.40310e+05   -4.39421e+05    2.98024e+02
 Pres. DC (bar) Pressure (bar)   Constr. rmsd
   -2.23284e+02   -1.10363e+02    2.49053e-06

           Step           Time
          30000       60.00000

   Energies (kJ/mol)
           Bond          Angle    Proper Dih. Ryckaert-Bell.          LJ-14
    1.52476e+03    3.67643e+03    2.47282e+02    1.90356e+03    2.68260e+03
     Coulomb-14        LJ (SR)  Disper. corr.   Coulomb (SR)   Coul. recip.
    7.82095e+03    9.38768e+04   -4.56557e+03   -6.34822e+05    3.01670e+03
      Potential    Kinetic En.   Total Energy  Conserved En.    Temperature
   -5.24638e+05    8.56987e+04   -4.38939e+05   -4.39406e+05    2.99810e+02
 Pres. DC (bar) Pressure (bar)   Constr. rmsd
   -2.26094e+02    1.91366e+02    2.79889e-06

           Step           Time
          35000       70.00000

   Energies (kJ/mol)
           Bond          Angle    Proper Dih. Ryckaert-Bell.          LJ-14
    1.48130e+03    3.59792e+03    2.60574e+02    1.80378e+03    2.65319e+03
     Coulomb-14        LJ (SR)  Disper. corr.   Coulomb (SR)   Coul. recip.
    7.81813e+03    9.37467e+04   -4.54341e+03   -6.34672e+05    3.00466e+03
      Potential    Kinetic En.   Total Energy  Conserved En.    Temperature
   -5.24849e+05    8.59702e+04   -4.38879e+05   -4.39384e+05    3.00760e+02
 Pres. DC (bar) Pressure (bar)   Constr. rmsd
   -2.23907e+02    2.96734e+01    2.96141e-06

Writing checkpoint, step 37600 at Thu Oct  5 01:30:45 2023


           Step           Time
          40000       80.00000

   Energies (kJ/mol)
           Bond          Angle    Proper Dih. Ryckaert-Bell.          LJ-14
    1.44085e+03    3.78137e+03    2.69647e+02    1.81154e+03    2.62422e+03
     Coulomb-14        LJ (SR)  Disper. corr.   Coulomb (SR)   Coul. recip.
    7.75155e+03    9.39114e+04   -4.54861e+03   -6.34320e+05    2.93095e+03
      Potential    Kinetic En.   Total Energy  Conserved En.    Temperature
   -5.24347e+05    8.57826e+04   -4.38564e+05   -4.39363e+05    3.00104e+02
 Pres. DC (bar) Pressure (bar)   Constr. rmsd
   -2.24419e+02    8.10199e+01    2.91592e-06

           Step           Time
          45000       90.00000

   Energies (kJ/mol)
           Bond          Angle    Proper Dih. Ryckaert-Bell.          LJ-14
    1.48228e+03    3.98311e+03    2.72198e+02    1.84153e+03    2.63299e+03
     Coulomb-14        LJ (SR)  Disper. corr.   Coulomb (SR)   Coul. recip.
    7.82864e+03    9.37559e+04   -4.55935e+03   -6.34257e+05    2.97221e+03
      Potential    Kinetic En.   Total Energy  Conserved En.    Temperature
   -5.24048e+05    8.57930e+04   -4.38255e+05   -4.39316e+05    3.00140e+02
 Pres. DC (bar) Pressure (bar)   Constr. rmsd
   -2.25479e+02    6.05632e+01    2.70538e-06

           Step           Time
          50000      100.00000

   Energies (kJ/mol)
           Bond          Angle    Proper Dih. Ryckaert-Bell.          LJ-14
    1.56652e+03    3.80479e+03    2.32503e+02    1.79109e+03    2.79617e+03
     Coulomb-14        LJ (SR)  Disper. corr.   Coulomb (SR)   Coul. recip.
    7.94656e+03    9.30712e+04   -4.56693e+03   -6.34274e+05    3.01428e+03
      Potential    Kinetic En.   Total Energy  Conserved En.    Temperature
   -5.24618e+05    8.67125e+04   -4.37906e+05   -4.39282e+05    3.03357e+02
 Pres. DC (bar) Pressure (bar)   Constr. rmsd
   -2.26228e+02   -6.36569e+00    2.50905e-06

           Step           Time
          55000      110.00000

   Energies (kJ/mol)
           Bond          Angle    Proper Dih. Ryckaert-Bell.          LJ-14
    1.44417e+03    3.74906e+03    2.49875e+02    1.73718e+03    2.67325e+03
     Coulomb-14        LJ (SR)  Disper. corr.   Coulomb (SR)   Coul. recip.
    7.77610e+03    9.45125e+04   -4.54424e+03   -6.35251e+05    2.98401e+03
      Potential    Kinetic En.   Total Energy  Conserved En.    Temperature
   -5.24669e+05    8.69239e+04   -4.37745e+05   -4.39272e+05    3.04097e+02
 Pres. DC (bar) Pressure (bar)   Constr. rmsd
   -2.23989e+02    1.62718e+02    2.88202e-06

           Step           Time
          60000      120.00000

   Energies (kJ/mol)
           Bond          Angle    Proper Dih. Ryckaert-Bell.          LJ-14
    1.64461e+03    3.67531e+03    2.68066e+02    1.79512e+03    2.61997e+03
     Coulomb-14        LJ (SR)  Disper. corr.   Coulomb (SR)   Coul. recip.
    7.87987e+03    9.16758e+04   -4.53948e+03   -6.31858e+05    2.95113e+03
      Potential    Kinetic En.   Total Energy  Conserved En.    Temperature
   -5.23887e+05    8.58171e+04   -4.38070e+05   -4.39231e+05    3.00225e+02
 Pres. DC (bar) Pressure (bar)   Constr. rmsd
   -2.23520e+02   -4.31712e+02    2.95497e-06

           Step           Time
          65000      130.00000

   Energies (kJ/mol)
           Bond          Angle    Proper Dih. Ryckaert-Bell.          LJ-14
    1.45206e+03    3.59801e+03    2.36666e+02    1.82521e+03    2.68836e+03
     Coulomb-14        LJ (SR)  Disper. corr.   Coulomb (SR)   Coul. recip.
    7.80966e+03    9.42741e+04   -4.55979e+03   -6.36496e+05    2.92099e+03
      Potential    Kinetic En.   Total Energy  Conserved En.    Temperature
   -5.26251e+05    8.52383e+04   -4.41013e+05   -4.39189e+05    2.98200e+02
 Pres. DC (bar) Pressure (bar)   Constr. rmsd
   -2.25523e+02    5.50422e+01    2.35837e-06

           Step           Time
          70000      140.00000

   Energies (kJ/mol)
           Bond          Angle    Proper Dih. Ryckaert-Bell.          LJ-14
    1.37691e+03    3.85110e+03    2.65909e+02    1.78114e+03    2.73883e+03
     Coulomb-14        LJ (SR)  Disper. corr.   Coulomb (SR)   Coul. recip.
    7.80209e+03    9.30052e+04   -4.56812e+03   -6.34240e+05    2.93501e+03
      Potential    Kinetic En.   Total Energy  Conserved En.    Temperature
   -5.25052e+05    8.60510e+04   -4.39001e+05   -4.39155e+05    3.01043e+02
 Pres. DC (bar) Pressure (bar)   Constr. rmsd
   -2.26346e+02    1.89746e+01    2.63226e-06

           Step           Time
          75000      150.00000

   Energies (kJ/mol)
           Bond          Angle    Proper Dih. Ryckaert-Bell.          LJ-14
    1.42829e+03    3.83101e+03    2.31578e+02    1.80517e+03    2.60074e+03
     Coulomb-14        LJ (SR)  Disper. corr.   Coulomb (SR)   Coul. recip.
    7.68805e+03    9.38556e+04   -4.55931e+03   -6.34783e+05    2.97829e+03
      Potential    Kinetic En.   Total Energy  Conserved En.    Temperature
   -5.24924e+05    8.60498e+04   -4.38874e+05   -4.39128e+05    3.01039e+02
 Pres. DC (bar) Pressure (bar)   Constr. rmsd
   -2.25475e+02    9.46333e+01    2.86917e-06

Writing checkpoint, step 75150 at Thu Oct  5 01:45:46 2023


           Step           Time
          80000      160.00000

   Energies (kJ/mol)
           Bond          Angle    Proper Dih. Ryckaert-Bell.          LJ-14
    1.54582e+03    3.80364e+03    2.76779e+02    1.84537e+03    2.70012e+03
     Coulomb-14        LJ (SR)  Disper. corr.   Coulomb (SR)   Coul. recip.
    7.79885e+03    9.35750e+04   -4.56221e+03   -6.34476e+05    2.82826e+03
      Potential    Kinetic En.   Total Energy  Conserved En.    Temperature
   -5.24665e+05    8.55181e+04   -4.39147e+05   -4.39080e+05    2.99179e+02
 Pres. DC (bar) Pressure (bar)   Constr. rmsd
   -2.25761e+02   -1.03082e+01    2.61050e-06

           Step           Time
          85000      170.00000

   Energies (kJ/mol)
           Bond          Angle    Proper Dih. Ryckaert-Bell.          LJ-14
    1.55471e+03    3.72803e+03    2.37189e+02    1.81803e+03    2.58513e+03
     Coulomb-14        LJ (SR)  Disper. corr.   Coulomb (SR)   Coul. recip.
    7.78384e+03    9.38365e+04   -4.54920e+03   -6.33669e+05    2.85649e+03
      Potential    Kinetic En.   Total Energy  Conserved En.    Temperature
   -5.23818e+05    8.53077e+04   -4.38511e+05   -4.39055e+05    2.98443e+02
 Pres. DC (bar) Pressure (bar)   Constr. rmsd
   -2.24477e+02   -1.83055e+01    3.01582e-06

           Step           Time
          90000      180.00000

   Energies (kJ/mol)
           Bond          Angle    Proper Dih. Ryckaert-Bell.          LJ-14
    1.51696e+03    3.72893e+03    2.65996e+02    1.70324e+03    2.63785e+03
     Coulomb-14        LJ (SR)  Disper. corr.   Coulomb (SR)   Coul. recip.
    7.82374e+03    9.42787e+04   -4.56307e+03   -6.35165e+05    2.93187e+03
      Potential    Kinetic En.   Total Energy  Conserved En.    Temperature
   -5.24840e+05    8.56844e+04   -4.39156e+05   -4.39039e+05    2.99760e+02
 Pres. DC (bar) Pressure (bar)   Constr. rmsd
   -2.25846e+02    1.16377e+02    2.78244e-06

           Step           Time
          95000      190.00000

   Energies (kJ/mol)
           Bond          Angle    Proper Dih. Ryckaert-Bell.          LJ-14
    1.43734e+03    3.88482e+03    2.84124e+02    1.82898e+03    2.66911e+03
     Coulomb-14        LJ (SR)  Disper. corr.   Coulomb (SR)   Coul. recip.
    7.94508e+03    9.38749e+04   -4.57482e+03   -6.36162e+05    2.92279e+03
      Potential    Kinetic En.   Total Energy  Conserved En.    Temperature
   -5.25890e+05    8.62517e+04   -4.39638e+05   -4.39001e+05    3.01745e+02
 Pres. DC (bar) Pressure (bar)   Constr. rmsd
   -2.27010e+02    1.46828e+01    2.82879e-06

           Step           Time
         100000      200.00000

   Energies (kJ/mol)
           Bond          Angle    Proper Dih. Ryckaert-Bell.          LJ-14
    1.39590e+03    3.65201e+03    2.57707e+02    1.89953e+03    2.62631e+03
     Coulomb-14        LJ (SR)  Disper. corr.   Coulomb (SR)   Coul. recip.
    7.82896e+03    9.30870e+04   -4.55029e+03   -6.34779e+05    2.90164e+03
      Potential    Kinetic En.   Total Energy  Conserved En.    Temperature
   -5.25680e+05    8.49764e+04   -4.40704e+05   -4.38966e+05    2.97284e+02
 Pres. DC (bar) Pressure (bar)   Constr. rmsd
   -2.24584e+02   -2.04961e+02    2.65369e-06

           Step           Time
         105000      210.00000

   Energies (kJ/mol)
           Bond          Angle    Proper Dih. Ryckaert-Bell.          LJ-14
    1.52434e+03    3.71533e+03    2.56391e+02    1.82969e+03    2.66382e+03
     Coulomb-14        LJ (SR)  Disper. corr.   Coulomb (SR)   Coul. recip.
    7.76293e+03    9.29861e+04   -4.58354e+03   -6.34378e+05    2.88589e+03
      Potential    Kinetic En.   Total Energy  Conserved En.    Temperature
   -5.25337e+05    8.51251e+04   -4.40212e+05   -4.38942e+05    2.97804e+02
 Pres. DC (bar) Pressure (bar)   Constr. rmsd
   -2.27875e+02    1.40514e+01    2.74823e-06

           Step           Time
         110000      220.00000

   Energies (kJ/mol)
           Bond          Angle    Proper Dih. Ryckaert-Bell.          LJ-14
    1.34637e+03    3.80165e+03    2.25548e+02    1.85291e+03    2.73106e+03
     Coulomb-14        LJ (SR)  Disper. corr.   Coulomb (SR)   Coul. recip.
    7.91883e+03    9.34293e+04   -4.54084e+03   -6.36026e+05    2.94795e+03
      Potential    Kinetic En.   Total Energy  Conserved En.    Temperature
   -5.26313e+05    8.66679e+04   -4.39645e+05   -4.38933e+05    3.03201e+02
 Pres. DC (bar) Pressure (bar)   Constr. rmsd
   -2.23654e+02   -7.70039e+01    2.71093e-06

Writing checkpoint, step 112650 at Thu Oct  5 02:00:45 2023


           Step           Time
         115000      230.00000

   Energies (kJ/mol)
           Bond          Angle    Proper Dih. Ryckaert-Bell.          LJ-14
    1.44389e+03    3.72002e+03    2.16332e+02    1.84219e+03    2.68467e+03
     Coulomb-14        LJ (SR)  Disper. corr.   Coulomb (SR)   Coul. recip.
    7.78038e+03    9.33918e+04   -4.57028e+03   -6.33979e+05    2.99643e+03
      Potential    Kinetic En.   Total Energy  Conserved En.    Temperature
   -5.24474e+05    8.57064e+04   -4.38767e+05   -4.38890e+05    2.99837e+02
 Pres. DC (bar) Pressure (bar)   Constr. rmsd
   -2.26560e+02    1.13184e+02    2.65295e-06

           Step           Time
         120000      240.00000

   Energies (kJ/mol)
           Bond          Angle    Proper Dih. Ryckaert-Bell.          LJ-14
    1.41425e+03    3.77894e+03    2.45970e+02    1.79642e+03    2.68329e+03
     Coulomb-14        LJ (SR)  Disper. corr.   Coulomb (SR)   Coul. recip.
    7.83673e+03    9.31927e+04   -4.54751e+03   -6.33253e+05    2.88414e+03
      Potential    Kinetic En.   Total Energy  Conserved En.    Temperature
   -5.23968e+05    8.58144e+04   -4.38154e+05   -4.38866e+05    3.00215e+02
 Pres. DC (bar) Pressure (bar)   Constr. rmsd
   -2.24311e+02   -3.07069e+01    3.01460e-06

           Step           Time
         125000      250.00000

   Energies (kJ/mol)
           Bond          Angle    Proper Dih. Ryckaert-Bell.          LJ-14
    1.48040e+03    3.78154e+03    2.50679e+02    1.80442e+03    2.60799e+03
     Coulomb-14        LJ (SR)  Disper. corr.   Coulomb (SR)   Coul. recip.
    7.84113e+03    9.39912e+04   -4.54421e+03   -6.35316e+05    2.81356e+03
      Potential    Kinetic En.   Total Energy  Conserved En.    Temperature
   -5.25290e+05    8.50531e+04   -4.40237e+05   -4.38821e+05    2.97552e+02
 Pres. DC (bar) Pressure (bar)   Constr. rmsd
   -2.23985e+02   -6.48073e+01    2.95210e-06

           Step           Time
         130000      260.00000

   Energies (kJ/mol)
           Bond          Angle    Proper Dih. Ryckaert-Bell.          LJ-14
    1.36512e+03    3.75301e+03    2.69151e+02    1.90733e+03    2.74613e+03
     Coulomb-14        LJ (SR)  Disper. corr.   Coulomb (SR)   Coul. recip.
    7.84849e+03    9.32902e+04   -4.56798e+03   -6.34551e+05    2.83996e+03
      Potential    Kinetic En.   Total Energy  Conserved En.    Temperature
   -5.25099e+05    8.56619e+04   -4.39437e+05   -4.38800e+05    2.99682e+02
 Pres. DC (bar) Pressure (bar)   Constr. rmsd
   -2.26333e+02    3.24863e+01    2.31922e-06

           Step           Time
         135000      270.00000

   Energies (kJ/mol)
           Bond          Angle    Proper Dih. Ryckaert-Bell.          LJ-14
    1.37686e+03    3.71966e+03    2.85577e+02    1.87308e+03    2.63833e+03
     Coulomb-14        LJ (SR)  Disper. corr.   Coulomb (SR)   Coul. recip.
    7.81864e+03    9.32070e+04   -4.56110e+03   -6.34249e+05    2.90085e+03
      Potential    Kinetic En.   Total Energy  Conserved En.    Temperature
   -5.24990e+05    8.62704e+04   -4.38720e+05   -4.38767e+05    3.01811e+02
 Pres. DC (bar) Pressure (bar)   Constr. rmsd
   -2.25652e+02   -1.71952e+01    3.58766e-06

           Step           Time
         140000      280.00000

   Energies (kJ/mol)
           Bond          Angle    Proper Dih. Ryckaert-Bell.          LJ-14
    1.44742e+03    3.87622e+03    2.55443e+02    1.80492e+03    2.65838e+03
     Coulomb-14        LJ (SR)  Disper. corr.   Coulomb (SR)   Coul. recip.
    7.82408e+03    9.34141e+04   -4.55998e+03   -6.34558e+05    2.89862e+03
      Potential    Kinetic En.   Total Energy  Conserved En.    Temperature
   -5.24939e+05    8.57511e+04   -4.39188e+05   -4.38721e+05    2.99994e+02
 Pres. DC (bar) Pressure (bar)   Constr. rmsd
   -2.25541e+02   -6.78883e+01    2.75042e-06

           Step           Time
         145000      290.00000

   Energies (kJ/mol)
           Bond          Angle    Proper Dih. Ryckaert-Bell.          LJ-14
    1.37404e+03    3.68698e+03    2.47263e+02    1.95075e+03    2.70638e+03
     Coulomb-14        LJ (SR)  Disper. corr.   Coulomb (SR)   Coul. recip.
    7.83411e+03    9.45143e+04   -4.56164e+03   -6.34988e+05    2.84474e+03
      Potential    Kinetic En.   Total Energy  Conserved En.    Temperature
   -5.24391e+05    8.58526e+04   -4.38539e+05   -4.38705e+05    3.00349e+02
 Pres. DC (bar) Pressure (bar)   Constr. rmsd
   -2.25705e+02    2.64081e+02    3.02305e-06

           Step           Time
         150000      300.00000

   Energies (kJ/mol)
           Bond          Angle    Proper Dih. Ryckaert-Bell.          LJ-14
    1.52493e+03    3.92146e+03    2.29750e+02    1.86707e+03    2.62966e+03
     Coulomb-14        LJ (SR)  Disper. corr.   Coulomb (SR)   Coul. recip.
    7.72305e+03    9.28741e+04   -4.55906e+03   -6.32618e+05    2.89432e+03
      Potential    Kinetic En.   Total Energy  Conserved En.    Temperature
   -5.23512e+05    8.54639e+04   -4.38048e+05   -4.38677e+05    2.98989e+02
 Pres. DC (bar) Pressure (bar)   Constr. rmsd
   -2.25450e+02   -5.14291e+01    2.99326e-06

Writing checkpoint, step 150200 at Thu Oct  5 02:15:46 2023


           Step           Time
         155000      310.00000

   Energies (kJ/mol)
           Bond          Angle    Proper Dih. Ryckaert-Bell.          LJ-14
    1.38983e+03    3.80140e+03    2.40138e+02    1.89333e+03    2.61688e+03
     Coulomb-14        LJ (SR)  Disper. corr.   Coulomb (SR)   Coul. recip.
    7.80913e+03    9.18152e+04   -4.54593e+03   -6.33017e+05    2.86062e+03
      Potential    Kinetic En.   Total Energy  Conserved En.    Temperature
   -5.25137e+05    8.52093e+04   -4.39927e+05   -4.38652e+05    2.98098e+02
 Pres. DC (bar) Pressure (bar)   Constr. rmsd
   -2.24155e+02   -3.74053e+02    2.93414e-06

           Step           Time
         160000      320.00000

   Energies (kJ/mol)
           Bond          Angle    Proper Dih. Ryckaert-Bell.          LJ-14
    1.43252e+03    3.87238e+03    2.47114e+02    1.86014e+03    2.67737e+03
     Coulomb-14        LJ (SR)  Disper. corr.   Coulomb (SR)   Coul. recip.
    7.84124e+03    9.31428e+04   -4.55495e+03   -6.33342e+05    2.93663e+03
      Potential    Kinetic En.   Total Energy  Conserved En.    Temperature
   -5.23886e+05    8.51819e+04   -4.38704e+05   -4.38600e+05    2.98002e+02
 Pres. DC (bar) Pressure (bar)   Constr. rmsd
   -2.25044e+02   -1.73031e+01    2.45492e-06

           Step           Time
         165000      330.00000

   Energies (kJ/mol)
           Bond          Angle    Proper Dih. Ryckaert-Bell.          LJ-14
    1.46594e+03    3.79958e+03    2.25469e+02    1.85274e+03    2.62331e+03
     Coulomb-14        LJ (SR)  Disper. corr.   Coulomb (SR)   Coul. recip.
    7.78529e+03    9.34757e+04   -4.57832e+03   -6.34324e+05    2.96646e+03
      Potential    Kinetic En.   Total Energy  Conserved En.    Temperature
   -5.24707e+05    8.53613e+04   -4.39346e+05   -4.38560e+05    2.98630e+02
 Pres. DC (bar) Pressure (bar)   Constr. rmsd
   -2.27356e+02    4.52499e+01    3.07496e-06

           Step           Time
         170000      340.00000

   Energies (kJ/mol)
           Bond          Angle    Proper Dih. Ryckaert-Bell.          LJ-14
    1.47817e+03    3.99021e+03    2.64386e+02    1.79666e+03    2.60416e+03
     Coulomb-14        LJ (SR)  Disper. corr.   Coulomb (SR)   Coul. recip.
    7.75862e+03    9.29396e+04   -4.53942e+03   -6.33869e+05    2.98278e+03
      Potential    Kinetic En.   Total Energy  Conserved En.    Temperature
   -5.24594e+05    8.68751e+04   -4.37719e+05   -4.38532e+05    3.03926e+02
 Pres. DC (bar) Pressure (bar)   Constr. rmsd
   -2.23514e+02   -2.22513e+02    2.79829e-06

           Step           Time
         175000      350.00000

   Energies (kJ/mol)
           Bond          Angle    Proper Dih. Ryckaert-Bell.          LJ-14
    1.57796e+03    3.80513e+03    2.37868e+02    1.76796e+03    2.58964e+03
     Coulomb-14        LJ (SR)  Disper. corr.   Coulomb (SR)   Coul. recip.
    7.81877e+03    9.32592e+04   -4.57050e+03   -6.34356e+05    2.92884e+03
      Potential    Kinetic En.   Total Energy  Conserved En.    Temperature
   -5.24941e+05    8.56873e+04   -4.39254e+05   -4.38491e+05    2.99771e+02
 Pres. DC (bar) Pressure (bar)   Constr. rmsd
   -2.26582e+02   -3.75706e+01    3.25391e-06

           Step           Time
         180000      360.00000

   Energies (kJ/mol)
           Bond          Angle    Proper Dih. Ryckaert-Bell.          LJ-14
    1.56649e+03    3.85223e+03    2.32223e+02    1.77392e+03    2.67514e+03
     Coulomb-14        LJ (SR)  Disper. corr.   Coulomb (SR)   Coul. recip.
    7.80198e+03    9.35917e+04   -4.57510e+03   -6.35265e+05    2.91239e+03
      Potential    Kinetic En.   Total Energy  Conserved En.    Temperature
   -5.25434e+05    8.59020e+04   -4.39532e+05   -4.38449e+05    3.00522e+02
 Pres. DC (bar) Pressure (bar)   Constr. rmsd
   -2.27038e+02    8.77005e+01    3.43053e-06

           Step           Time
         185000      370.00000

   Energies (kJ/mol)
           Bond          Angle    Proper Dih. Ryckaert-Bell.          LJ-14
    1.44987e+03    3.79185e+03    2.47641e+02    1.75996e+03    2.63820e+03
     Coulomb-14        LJ (SR)  Disper. corr.   Coulomb (SR)   Coul. recip.
    7.87254e+03    9.32793e+04   -4.54080e+03   -6.33666e+05    2.95084e+03
      Potential    Kinetic En.   Total Energy  Conserved En.    Temperature
   -5.24216e+05    8.55074e+04   -4.38709e+05   -4.38429e+05    2.99141e+02
 Pres. DC (bar) Pressure (bar)   Constr. rmsd
   -2.23650e+02   -4.63810e+01    3.07099e-06

Writing checkpoint, step 187700 at Thu Oct  5 02:30:46 2023


           Step           Time
         190000      380.00000

   Energies (kJ/mol)
           Bond          Angle    Proper Dih. Ryckaert-Bell.          LJ-14
    1.52785e+03    3.64844e+03    2.62172e+02    1.75888e+03    2.67446e+03
     Coulomb-14        LJ (SR)  Disper. corr.   Coulomb (SR)   Coul. recip.
    7.81763e+03    9.37019e+04   -4.55586e+03   -6.35220e+05    2.92255e+03
      Potential    Kinetic En.   Total Energy  Conserved En.    Temperature
   -5.25462e+05    8.58562e+04   -4.39606e+05   -4.38388e+05    3.00362e+02
 Pres. DC (bar) Pressure (bar)   Constr. rmsd
   -2.25134e+02   -2.64293e+01    2.87156e-06

           Step           Time
         195000      390.00000

   Energies (kJ/mol)
           Bond          Angle    Proper Dih. Ryckaert-Bell.          LJ-14
    1.37875e+03    3.91162e+03    2.48753e+02    1.84935e+03    2.70693e+03
     Coulomb-14        LJ (SR)  Disper. corr.   Coulomb (SR)   Coul. recip.
    7.82861e+03    9.27343e+04   -4.55710e+03   -6.32669e+05    2.98131e+03
      Potential    Kinetic En.   Total Energy  Conserved En.    Temperature
   -5.23586e+05    8.61438e+04   -4.37442e+05   -4.38352e+05    3.01368e+02
 Pres. DC (bar) Pressure (bar)   Constr. rmsd
   -2.25256e+02   -1.45641e+01    2.82801e-06

           Step           Time
         200000      400.00000

   Energies (kJ/mol)
           Bond          Angle    Proper Dih. Ryckaert-Bell.          LJ-14
    1.49466e+03    3.71265e+03    2.63322e+02    1.79272e+03    2.57607e+03
     Coulomb-14        LJ (SR)  Disper. corr.   Coulomb (SR)   Coul. recip.
    7.75961e+03    9.39528e+04   -4.54013e+03   -6.35415e+05    2.86009e+03
      Potential    Kinetic En.   Total Energy  Conserved En.    Temperature
   -5.25543e+05    8.52878e+04   -4.40256e+05   -4.38327e+05    2.98373e+02
 Pres. DC (bar) Pressure (bar)   Constr. rmsd
   -2.23584e+02   -1.72463e+02    2.73448e-06

           Step           Time
         205000      410.00000

   Energies (kJ/mol)
           Bond          Angle    Proper Dih. Ryckaert-Bell.          LJ-14
    1.51092e+03    3.67386e+03    2.59773e+02    1.86933e+03    2.57291e+03
     Coulomb-14        LJ (SR)  Disper. corr.   Coulomb (SR)   Coul. recip.
    7.83777e+03    9.21353e+04   -4.53277e+03   -6.32685e+05    2.98982e+03
      Potential    Kinetic En.   Total Energy  Conserved En.    Temperature
   -5.24368e+05    8.63978e+04   -4.37970e+05   -4.38302e+05    3.02256e+02
 Pres. DC (bar) Pressure (bar)   Constr. rmsd
   -2.22860e+02   -3.67831e+02    2.75328e-06

           Step           Time
         210000      420.00000

   Energies (kJ/mol)
           Bond          Angle    Proper Dih. Ryckaert-Bell.          LJ-14
    1.47675e+03    3.76338e+03    2.49300e+02    1.80645e+03    2.70929e+03
     Coulomb-14        LJ (SR)  Disper. corr.   Coulomb (SR)   Coul. recip.
    7.87353e+03    9.22376e+04   -4.53779e+03   -6.31853e+05    3.03833e+03
      Potential    Kinetic En.   Total Energy  Conserved En.    Temperature
   -5.23236e+05    8.59569e+04   -4.37280e+05   -4.38249e+05    3.00714e+02
 Pres. DC (bar) Pressure (bar)   Constr. rmsd
   -2.23354e+02   -1.38259e+02    2.79201e-06

           Step           Time
         215000      430.00000

   Energies (kJ/mol)
           Bond          Angle    Proper Dih. Ryckaert-Bell.          LJ-14
    1.30074e+03    3.78087e+03    2.64662e+02    1.81776e+03    2.70860e+03
     Coulomb-14        LJ (SR)  Disper. corr.   Coulomb (SR)   Coul. recip.
    7.80677e+03    9.44612e+04   -4.58308e+03   -6.36609e+05    2.93178e+03
      Potential    Kinetic En.   Total Energy  Conserved En.    Temperature
   -5.26120e+05    8.58030e+04   -4.40317e+05   -4.38225e+05    3.00175e+02
 Pres. DC (bar) Pressure (bar)   Constr. rmsd
   -2.27830e+02    1.86532e+02    2.76236e-06

           Step           Time
         220000      440.00000

   Energies (kJ/mol)
           Bond          Angle    Proper Dih. Ryckaert-Bell.          LJ-14
    1.41892e+03    3.68219e+03    2.57563e+02    1.86624e+03    2.62972e+03
     Coulomb-14        LJ (SR)  Disper. corr.   Coulomb (SR)   Coul. recip.
    7.82699e+03    9.26758e+04   -4.55801e+03   -6.34106e+05    2.87753e+03
      Potential    Kinetic En.   Total Energy  Conserved En.    Temperature
   -5.25429e+05    8.57349e+04   -4.39695e+05   -4.38202e+05    2.99937e+02
 Pres. DC (bar) Pressure (bar)   Constr. rmsd
   -2.25347e+02   -1.26799e+02    2.62333e-06

           Step           Time
         225000      450.00000

   Energies (kJ/mol)
           Bond          Angle    Proper Dih. Ryckaert-Bell.          LJ-14
    1.43655e+03    3.78550e+03    2.13856e+02    1.77477e+03    2.66559e+03
     Coulomb-14        LJ (SR)  Disper. corr.   Coulomb (SR)   Coul. recip.
    7.80079e+03    9.31896e+04   -4.57229e+03   -6.34999e+05    2.81021e+03
      Potential    Kinetic En.   Total Energy  Conserved En.    Temperature
   -5.25894e+05    8.54851e+04   -4.40409e+05   -4.38148e+05    2.99063e+02
 Pres. DC (bar) Pressure (bar)   Constr. rmsd
   -2.26758e+02   -8.33515e+01    3.24709e-06

Writing checkpoint, step 225200 at Thu Oct  5 02:45:46 2023


           Step           Time
         230000      460.00000

   Energies (kJ/mol)
           Bond          Angle    Proper Dih. Ryckaert-Bell.          LJ-14
    1.34376e+03    3.70133e+03    2.07444e+02    1.58982e+03    2.70635e+03
     Coulomb-14        LJ (SR)  Disper. corr.   Coulomb (SR)   Coul. recip.
    7.85411e+03    9.48583e+04   -4.56074e+03   -6.37167e+05    2.92833e+03
      Potential    Kinetic En.   Total Energy  Conserved En.    Temperature
   -5.26539e+05    8.58131e+04   -4.40726e+05   -4.38152e+05    3.00211e+02
 Pres. DC (bar) Pressure (bar)   Constr. rmsd
   -2.25616e+02    1.33336e+02    2.79113e-06

           Step           Time
         235000      470.00000

   Energies (kJ/mol)
           Bond          Angle    Proper Dih. Ryckaert-Bell.          LJ-14
    1.58010e+03    3.60515e+03    2.85378e+02    1.75413e+03    2.61449e+03
     Coulomb-14        LJ (SR)  Disper. corr.   Coulomb (SR)   Coul. recip.
    7.75414e+03    9.53819e+04   -4.55878e+03   -6.36508e+05    2.87028e+03
      Potential    Kinetic En.   Total Energy  Conserved En.    Temperature
   -5.25221e+05    8.62626e+04   -4.38959e+05   -4.38110e+05    3.01783e+02
 Pres. DC (bar) Pressure (bar)   Constr. rmsd
   -2.25422e+02    1.14462e+02    2.78194e-06

           Step           Time
         240000      480.00000

   Energies (kJ/mol)
           Bond          Angle    Proper Dih. Ryckaert-Bell.          LJ-14
    1.50485e+03    3.70297e+03    2.31029e+02    1.72449e+03    2.59942e+03
     Coulomb-14        LJ (SR)  Disper. corr.   Coulomb (SR)   Coul. recip.
    7.76986e+03    9.43285e+04   -4.57071e+03   -6.36007e+05    2.90121e+03
      Potential    Kinetic En.   Total Energy  Conserved En.    Temperature
   -5.25815e+05    8.63712e+04   -4.39444e+05   -4.38093e+05    3.02163e+02
 Pres. DC (bar) Pressure (bar)   Constr. rmsd
   -2.26602e+02    4.85142e+01    2.81709e-06

           Step           Time
         245000      490.00000

   Energies (kJ/mol)
           Bond          Angle    Proper Dih. Ryckaert-Bell.          LJ-14
    1.58525e+03    3.71774e+03    2.56752e+02    1.75704e+03    2.67275e+03
     Coulomb-14        LJ (SR)  Disper. corr.   Coulomb (SR)   Coul. recip.
    7.76103e+03    9.36330e+04   -4.56561e+03   -6.34162e+05    3.00237e+03
      Potential    Kinetic En.   Total Energy  Conserved En.    Temperature
   -5.24342e+05    8.58811e+04   -4.38461e+05   -4.38035e+05    3.00449e+02
 Pres. DC (bar) Pressure (bar)   Constr. rmsd
   -2.26098e+02    7.01569e+01    3.12144e-06

           Step           Time
         250000      500.00000

Writing checkpoint, step 250000 at Thu Oct  5 02:55:40 2023


   Energies (kJ/mol)
           Bond          Angle    Proper Dih. Ryckaert-Bell.          LJ-14
    1.49103e+03    3.61564e+03    2.56552e+02    1.77823e+03    2.73580e+03
     Coulomb-14        LJ (SR)  Disper. corr.   Coulomb (SR)   Coul. recip.
    7.82899e+03    9.35490e+04   -4.56373e+03   -6.34934e+05    2.95261e+03
      Potential    Kinetic En.   Total Energy  Conserved En.    Temperature
   -5.25290e+05    8.54137e+04   -4.39876e+05   -4.38013e+05    2.98813e+02
 Pres. DC (bar) Pressure (bar)   Constr. rmsd
   -2.25912e+02    1.82090e+02    2.77466e-06


	<======  ###############  ==>
	<====  A V E R A G E S  ====>
	<==  ###############  ======>

	Statistics over 250001 steps using 2501 frames

   Energies (kJ/mol)
           Bond          Angle    Proper Dih. Ryckaert-Bell.          LJ-14
    1.46944e+03    3.75988e+03    2.49626e+02    1.81166e+03    2.66480e+03
     Coulomb-14        LJ (SR)  Disper. corr.   Coulomb (SR)   Coul. recip.
    7.81516e+03    9.36203e+04   -4.55894e+03   -6.34743e+05    2.92934e+03
      Potential    Kinetic En.   Total Energy  Conserved En.    Temperature
   -5.24981e+05    8.57411e+04   -4.39240e+05   -4.38807e+05    2.99959e+02
 Pres. DC (bar) Pressure (bar)   Constr. rmsd
   -2.25440e+02    3.07645e+00    0.00000e+00

          Box-X          Box-Y          Box-Z
    6.95345e+00    6.95345e+00    6.95345e+00

   Total Virial (kJ/mol)
    2.85474e+04    2.06143e+01    5.58912e+01
    2.06558e+01    2.85606e+04   -4.24832e+01
    5.63546e+01   -4.21190e+01    2.85441e+04

   Pressure (bar)
    4.49789e+00   -2.15641e+00   -4.44753e+00
   -2.16058e+00    1.57543e+00    3.06392e+00
   -4.49332e+00    3.02795e+00    3.15602e+00

      T-Protein  T-non-Protein
    2.99956e+02    2.99959e+02


	M E G A - F L O P S   A C C O U N T I N G

 NB=Group-cutoff nonbonded kernels    NxN=N-by-N cluster Verlet kernels
 RF=Reaction-Field  VdW=Van der Waals  QSTab=quadratic-spline table
 W3=SPC/TIP3p  W4=TIP4p (single or pairs)
 V&F=Potential and force  V=Potential only  F=Force only

 Computing:                               M-Number         M-Flops  % Flops
-----------------------------------------------------------------------------
 Pair Search distance check           75646.727422      680820.547     0.2
 NxN Ewald Elec. + LJ [F]           2675162.442336   176560721.194    52.2
 NxN Ewald Elec. + LJ [V&F]           27032.323296     2892458.593     0.9
 NxN Ewald Elec. [F]                2359136.378560   143907319.092    42.5
 NxN Ewald Elec. [V&F]                23838.302848     2002417.439     0.6
 1,4 nonbonded interactions            1276.505106      114885.460     0.0
 Calc Weights                         25407.101628      914655.659     0.3
 Spread Q Bspline                    542018.168064     1084036.336     0.3
 Gather F Bspline                    542018.168064     3252109.008     1.0
 3D-FFT                              697586.790336     5580694.323     1.6
 Solve PME                              484.001936       30976.124     0.0
 Shift-X                                169.413876        1016.483     0.0
 Bonds                                  256.251025       15118.810     0.0
 Angles                                 886.753547      148974.596     0.0
 Propers                                106.500426       24388.598     0.0
 RB-Dihedrals                           987.503950      243913.476     0.1
 Virial                                 848.058921       15265.061     0.0
 Stop-CM                                 84.723876         847.239     0.0
 Calc-Ekin                             1693.867752       45734.429     0.0
 Lincs                                  239.750959       14385.058     0.0
 Lincs-Mat                             1194.004776        4776.019     0.0
 Constraint-V                          8456.533826       67652.271     0.0
 Constraint-Vir                         821.707867       19720.989     0.0
 Settle                                2659.010636      858860.435     0.3
-----------------------------------------------------------------------------
 Total                                               338481747.237   100.0
-----------------------------------------------------------------------------


     R E A L   C Y C L E   A N D   T I M E   A C C O U N T I N G

On 1 MPI rank

 Computing:          Num   Num      Call    Wall time         Giga-Cycles
                     Ranks Threads  Count      (s)         total sum    %
-----------------------------------------------------------------------------
 Neighbor search        1    1       5001     250.168        723.784   4.2
 Force                  1    1     250001    4147.511      11999.530  69.2
 PME mesh               1    1     250001    1352.628       3913.409  22.6
 NB X/F buffer ops.     1    1     495001      44.981        130.138   0.8
 Write traj.            1    1         57       0.773          2.237   0.0
 Update                 1    1     250001      36.332        105.116   0.6
 Constraints            1    1     250001     145.883        422.067   2.4
 Rest                                          17.551         50.778   0.3
-----------------------------------------------------------------------------
 Total                                       5995.828      17347.059 100.0
-----------------------------------------------------------------------------
 Breakdown of PME mesh computation
-----------------------------------------------------------------------------
 PME spread             1    1     250001     428.622       1240.083   7.1
 PME gather             1    1     250001     638.050       1845.999  10.6
 PME 3D-FFT             1    1     500002     261.848        757.577   4.4
 PME solve Elec         1    1     250001      23.546         68.123   0.4
-----------------------------------------------------------------------------

               Core t (s)   Wall t (s)        (%)
       Time:     5995.828     5995.828      100.0
                         1h39:55
                 (ns/day)    (hour/ns)
Performance:        7.205        3.331
Finished mdrun on rank 0 Thu Oct  5 02:55:41 2023

