Electrostatic potential parameters

Grid information (see 1_default_grid.dat in Angstrom)
    Number of grid points:            1090

Quantum electrostatic potential (see 1_default_grid_esp.dat)

Constraints
    Charge constraints
        Total charge of   0.07076846 on the set   2
        Total charge of   0.08502063 on the set   3
        Total charge of  -0.47143519 on the set   4
        Total charge of   0.12600009 on the set   5
        Total charge of  -0.10081828 on the set   6
        Total charge of   0.36323850 on the set   7
        Total charge of  -0.49566924 on the set   8
        Total charge of  -0.04585333 on the set   9
        Total charge of   0.36242512 on the set  10
        Total charge of  -0.52853028 on the set  11
        Total charge of   0.02496367 on the set  12
        Total charge of   0.17300345 on the set  18
    Equality constraints
        Equal charges on atoms
                                 15  16  17
                                 19  20  21
                                 22  23  24

Restraint
    Hyperbolic restraint to a charge of zero
    Hydrogen atoms are not restrained
    resp_a:                           0.0010
    resp_b:                           0.1000

Fit

Electrostatic Potential Charges
   Center  Symbol       ESP      RESP
      1    C      -0.23823396 -0.20076964
      2    N       0.07076846  0.07076846
      3    C       0.08502063  0.08502063
      4    N      -0.47143519 -0.47143519
      5    C       0.12600009  0.12600009
      6    C      -0.10081828 -0.10081828
      7    C       0.36323850  0.36323850
      8    O      -0.49566924 -0.49566924
      9    N      -0.04585333 -0.04585333
     10    C       0.36242512  0.36242512
     11    O      -0.52853028 -0.52853028
     12    N       0.02496367  0.02496367
     13    C       0.03205216  0.00600287
     14    C      -0.04490309 -0.03370789
     15    H       0.12194293  0.11020274
     16    H       0.12194293  0.11020274
     17    H       0.12194293  0.11020274
     18    H       0.17300345  0.17300345
     19    H       0.04256507  0.05006111
     20    H       0.04256507  0.05006111
     21    H       0.04256507  0.05006111
     22    H       0.06481576  0.06152317
     23    H       0.06481576  0.06152317
     24    H       0.06481576  0.06152317
Total Charge:     -0.00000000  0.00000000
